<?xml version="1.0" encoding="UTF-8"?>
<testng-results ignored="0" total="4" passed="4" failed="0" skipped="0">
  <reporter-output>
  </reporter-output>
  <suite started-at="2022-07-17T03:16:32 CDT" name="Suite" finished-at="2022-07-17T03:17:30 CDT" duration-ms="57765">
    <groups>
      <group name="cucumber">
        <method signature="AbstractTestNGCucumberTests.runScenario(io.cucumber.testng.PickleWrapper,io.cucumber.testng.FeatureWrapper)[pri:0, instance:runners.MainRunner@595b007d]" name="runScenario" class="io.cucumber.testng.AbstractTestNGCucumberTests"/>
      </group> <!-- cucumber -->
    </groups>
    <test started-at="2022-07-17T03:16:32 CDT" name="Test" finished-at="2022-07-17T03:17:30 CDT" duration-ms="57765">
      <class name="runners.MainRunner">
        <test-method is-config="true" signature="setUpClass(org.testng.ITestContext)[pri:0, instance:runners.MainRunner@595b007d]" started-at="2022-07-17T03:16:32 CDT" name="setUpClass" finished-at="2022-07-17T03:16:33 CDT" duration-ms="1104" status="PASS">
          <params>
            <param index="0">
              <value>
                <![CDATA[org.testng.TestRunner@75db5df9]]>
              </value>
            </param>
          </params>
          <reporter-output>
          </reporter-output>
        </test-method> <!-- setUpClass -->
        <test-method signature="runScenario(io.cucumber.testng.PickleWrapper,io.cucumber.testng.FeatureWrapper)[pri:0, instance:runners.MainRunner@595b007d]" started-at="2022-07-17T03:16:33 CDT" name="runScenario" description="Runs Cucumber Scenarios" data-provider="scenarios" finished-at="2022-07-17T03:17:15 CDT" duration-ms="42006" status="PASS">
          <params>
            <param index="0">
              <value>
                <![CDATA["Validate Successful login - Correct Credentials"]]>
              </value>
            </param>
            <param index="1">
              <value>
                <![CDATA["WebDriver University - Login Page"]]>
              </value>
            </param>
          </params>
          <reporter-output>
          </reporter-output>
        </test-method> <!-- runScenario -->
        <test-method signature="runScenario(io.cucumber.testng.PickleWrapper,io.cucumber.testng.FeatureWrapper)[pri:0, instance:runners.MainRunner@595b007d]" started-at="2022-07-17T03:16:33 CDT" name="runScenario" description="Runs Cucumber Scenarios" data-provider="scenarios" finished-at="2022-07-17T03:17:15 CDT" duration-ms="42248" status="PASS">
          <params>
            <param index="0">
              <value>
                <![CDATA["Validate Successful Submission - Specific Data"]]>
              </value>
            </param>
            <param index="1">
              <value>
                <![CDATA["WebDriver University - Contact Us Page"]]>
              </value>
            </param>
          </params>
          <reporter-output>
          </reporter-output>
        </test-method> <!-- runScenario -->
        <test-method signature="runScenario(io.cucumber.testng.PickleWrapper,io.cucumber.testng.FeatureWrapper)[pri:0, instance:runners.MainRunner@595b007d]" started-at="2022-07-17T03:16:33 CDT" name="runScenario" description="Runs Cucumber Scenarios" data-provider="scenarios" finished-at="2022-07-17T03:17:15 CDT" duration-ms="41780" status="PASS">
          <params>
            <param index="0">
              <value>
                <![CDATA["Validate Successful Submission - Unique Data"]]>
              </value>
            </param>
            <param index="1">
              <value>
                <![CDATA["WebDriver University - Contact Us Page"]]>
              </value>
            </param>
          </params>
          <reporter-output>
          </reporter-output>
        </test-method> <!-- runScenario -->
        <test-method signature="runScenario(io.cucumber.testng.PickleWrapper,io.cucumber.testng.FeatureWrapper)[pri:0, instance:runners.MainRunner@595b007d]" started-at="2022-07-17T03:17:15 CDT" name="runScenario" description="Runs Cucumber Scenarios" data-provider="scenarios" finished-at="2022-07-17T03:17:30 CDT" duration-ms="14687" status="PASS">
          <params>
            <param index="0">
              <value>
                <![CDATA["Validate Unsuccessful login - Incorrect Password"]]>
              </value>
            </param>
            <param index="1">
              <value>
                <![CDATA["WebDriver University - Login Page"]]>
              </value>
            </param>
          </params>
          <reporter-output>
          </reporter-output>
        </test-method> <!-- runScenario -->
        <test-method is-config="true" signature="tearDownClass()[pri:0, instance:runners.MainRunner@595b007d]" started-at="2022-07-17T03:17:30 CDT" name="tearDownClass" finished-at="2022-07-17T03:17:30 CDT" duration-ms="106" status="PASS">
          <reporter-output>
          </reporter-output>
        </test-method> <!-- tearDownClass -->
      </class> <!-- runners.MainRunner -->
    </test> <!-- Test -->
  </suite> <!-- Suite -->
</testng-results>
