<?xml version="1.0" encoding="UTF-8"?>
<testsuite xmlns:xsi="http://www.w3.org/2001/XMLSchema-instance" xsi:noNamespaceSchemaLocation="https://maven.apache.org/surefire/maven-surefire-plugin/xsd/surefire-test-report-3.0.xsd" version="3.0" name="TestSuite" time="58.719" tests="4" errors="0" skipped="0" failures="0">
  <properties>
[...]
</properties>
  <testcase name="runScenario[&quot;Validate Successful Submission - Unique Data&quot;, &quot;WebDriver University - Contact Us Page&quot;](1)" classname="runners.MainRunner" time="41.778">
    <system-out><![CDATA[
@contact-us @regression
Scenario: Validate Successful Submission - Specific Data                     # features/Contact_Us.feature:16

@contact-us @regression
Scenario: Validate Successful Submission - Unique Data                       # features/Contact_Us.feature:8

@login @regression
Scenario: Validate Successful login - Correct Credentials          # features/Login.feature:8
  Given I access the webdriver university contact us page                    # stepDefinitions.Contact_Us_Steps.i_access_the_webdriver_university_contact_us_page()
  Given I access the webdriver university contact us page                    # stepDefinitions.Contact_Us_Steps.i_access_the_webdriver_university_contact_us_page()
  When I enter a unique first name                                           # stepDefinitions.Contact_Us_Steps.i_enter_a_unique_first_name()
  And I enter a unique last name                                             # stepDefinitions.Contact_Us_Steps.i_enter_a_unique_last_name()
  And I enter a unique email address                                         # stepDefinitions.Contact_Us_Steps.i_enter_a_unique_email_address()
  When I enter a specific first name Sarah                                   # stepDefinitions.Contact_Us_Steps.i_enter_a_specific_first_name(java.lang.String)
  And I enter a unique comment                                               # stepDefinitions.Contact_Us_Steps.i_enter_a_unique_comment()
  And I enter a specific last name Woods                                     # stepDefinitions.Contact_Us_Steps.i_enter_a_specific_last_name(java.lang.String)
  Given I access the webdriver university login page               # stepDefinitions.Login_Steps.i_access_the_webdriver_university_login_page()
  When I enter a username webdriver                                # stepDefinitions.Login_Steps.i_enter_a_username(java.lang.String)
  And I enter a specific email address sarah_woods@mail.com                  # stepDefinitions.Contact_Us_Steps.i_enter_a_specific_email_address(java.lang.String)
  And I enter a specific comment "Hello!, how are you?"                      # stepDefinitions.Contact_Us_Steps.i_enter_a_specific_comment(java.lang.String)
  And I enter a password webdriver123                              # stepDefinitions.Login_Steps.i_enter_a_password(java.lang.String)
  And I click on the submit button                                           # stepDefinitions.Contact_Us_Steps.i_click_on_the_submit_button()
  Then I should be presented with a successful contact us submission message # stepDefinitions.Contact_Us_Steps.i_should_be_presented_with_a_successful_contact_us_submission_message()
  And I click on the login button                                  # stepDefinitions.Login_Steps.i_click_on_the_login_button()
  Then I should be presented with a successful login alert message # stepDefinitions.Login_Steps.i_should_be_presented_with_a_successful_login_alert_message()
  And I click on the submit button                                           # stepDefinitions.Contact_Us_Steps.i_click_on_the_submit_button()
  Then I should be presented with a successful contact us submission message # stepDefinitions.Contact_Us_Steps.i_should_be_presented_with_a_successful_contact_us_submission_message()
]]></system-out>
    <system-err><![CDATA[SLF4J: Failed to load class "org.slf4j.impl.StaticLoggerBinder".
SLF4J: Defaulting to no-operation (NOP) logger implementation
SLF4J: See http://www.slf4j.org/codes.html#StaticLoggerBinder for further details.
1658045795071	geckodriver	INFO	Listening on 127.0.0.1:61577
1658045795082	geckodriver	INFO	Listening on 127.0.0.1:62515
1658045795091	geckodriver	INFO	Listening on 127.0.0.1:52974
1658045795672	mozrunner::runner	INFO	Running command: "C:\\Program Files\\Mozilla Firefox\\firefox.exe" "--marionette" "--remote-debugging-port" "49180" "--remote-allow-hosts" "localhost" "--remote-allow-origins" "http://localhost:49180/" "-no-remote" "-profile" "C:\\Users\\Jorge\\AppData\\Local\\Temp\\rust_mozprofileUeywMG"
1658045795958	mozrunner::runner	INFO	Running command: "C:\\Program Files\\Mozilla Firefox\\firefox.exe" "--marionette" "--remote-debugging-port" "65527" "--remote-allow-hosts" "localhost" "--remote-allow-origins" "http://localhost:65527/" "-no-remote" "-profile" "C:\\Users\\Jorge\\AppData\\Local\\Temp\\rust_mozprofilewtG2u4"
1658045795969	mozrunner::runner	INFO	Running command: "C:\\Program Files\\Mozilla Firefox\\firefox.exe" "--marionette" "--remote-debugging-port" "58346" "--remote-allow-hosts" "localhost" "--remote-allow-origins" "http://localhost:58346/" "-no-remote" "-profile" "C:\\Users\\Jorge\\AppData\\Local\\Temp\\rust_mozprofileBTILsP"
1658045796861	Marionette	INFO	Marionette enabled
1658045796871	Marionette	INFO	Listening on port 55345
WebDriver BiDi listening on ws://localhost:49180
1658045796925	Marionette	INFO	Marionette enabled
1658045796935	Marionette	INFO	Listening on port 55347
Read port: 55347
Read port: 55345
WebDriver BiDi listening on ws://localhost:58346
1658045797013	Marionette	INFO	Marionette enabled
1658045797021	Marionette	INFO	Listening on port 55352
WebDriver BiDi listening on ws://localhost:65527
Read port: 55352
Read port: 55347
1658045801634	RemoteAgent	WARN	TLS certificate errors will be ignored for this session
1658045801930	RemoteAgent	WARN	TLS certificate errors will be ignored for this session
1658045802423	RemoteAgent	WARN	TLS certificate errors will be ignored for this session
console.warn: SearchSettings: "get: No settings file exists, new profile?" (new NotFoundError("Could not open the file at C:\\Users\\Jorge\\AppData\\Local\\Temp\\rust_mozprofileUeywMG\\search.json.mozlz4", (void 0)))
console.warn: SearchSettings: "get: No settings file exists, new profile?" (new NotFoundError("Could not open the file at C:\\Users\\Jorge\\AppData\\Local\\Temp\\rust_mozprofileBTILsP\\search.json.mozlz4", (void 0)))
console.warn: SearchSettings: "get: No settings file exists, new profile?" (new NotFoundError("Could not open the file at C:\\Users\\Jorge\\AppData\\Local\\Temp\\rust_mozprofilewtG2u4\\search.json.mozlz4", (void 0)))
DevTools listening on ws://localhost:49180/devtools/browser/d994b97f-999a-4ca9-bb51-73ebd6041d37
jul. 17, 2022 3:16:50 A. M. org.openqa.selenium.remote.ProtocolHandshake createSession
INFO: Detected upstream dialect: W3C
console.error: Region.jsm: "Error fetching region" (new AbortError("The operation was aborted. ", (void 0), 765))
console.error: Region.jsm: "Failed to fetch region" (new Error("NO_RESULT", "resource://gre/modules/Region.jsm", 419))
DevTools listening on ws://localhost:65527/devtools/browser/1be359c5-ba1c-4d11-8db0-c68119d06c4a
jul. 17, 2022 3:16:51 A. M. org.openqa.selenium.remote.ProtocolHandshake createSession
INFO: Detected upstream dialect: W3C
DevTools listening on ws://localhost:58346/devtools/browser/693d996c-9f94-4955-8724-999aa079bb01
jul. 17, 2022 3:16:51 A. M. org.openqa.selenium.remote.ProtocolHandshake createSession
INFO: Detected upstream dialect: W3C
console.warn: LoginRecipes: "getRecipes: falling back to a synchronous message for:" "https://www.webdriveruniversity.com"
console.warn: LoginRecipes: "getRecipes: falling back to a synchronous message for:" "https://www.webdriveruniversity.com"
console.warn: LoginRecipes: "getRecipes: falling back to a synchronous message for:" "https://www.webdriveruniversity.com"
1658045820579	Marionette	WARN	TimedPromise timed out after 500 ms: stacktrace:
TimedPromise/<@chrome://remote/content/marionette/sync.js:234:19
TimedPromise@chrome://remote/content/marionette/sync.js:219:10
interaction.flushEventLoop@chrome://remote/content/marionette/interaction.js:431:10
webdriverClickElement@chrome://remote/content/marionette/interaction.js:179:31
1658045820721	Marionette	INFO	Stopped listening on port 55352
!!! error running onStopped callback: TypeError: callback is not a function
JavaScript error: resource://gre/modules/UrlClassifierListManager.jsm, line 694: TypeError: this.tablesData[table] is undefined
console.warn: LoginRecipes: "getRecipes: falling back to a synchronous message for:" "https://www.webdriveruniversity.com"
JavaScript error: resource://gre/modules/LoginManagerParent.jsm, line 136: TypeError: gRecipeManager is null
console.warn: LoginRecipes: "getRecipes: falling back to a synchronous message for:" "https://www.webdriveruniversity.com"
JavaScript error: resource://gre/modules/LoginManagerParent.jsm, line 136: TypeError: gRecipeManager is null
1658045821259	Marionette	INFO	Stopped listening on port 55345
!!! error running onStopped callback: TypeError: callback is not a function
1658045822301	Marionette	INFO	Stopped listening on port 55347
!!! error running onStopped callback: TypeError: callback is not a function
JavaScript error: resource://gre/modules/UrlClassifierListManager.jsm, line 694: TypeError: this.tablesData[table] is undefined
JavaScript error: resource://gre/modules/UrlClassifierListManager.jsm, line 694: TypeError: this.tablesData[table] is undefined
[Parent 46808, IPC I/O Parent] WARNING: file /builds/worker/checkouts/gecko/ipc/chromium/src/base/process_util_win.cc:167
[Parent 56364, IPC I/O Parent] WARNING: file /builds/worker/checkouts/gecko/ipc/chromium/src/base/process_util_win.cc:167
console.log: "RemoteSettingsWorker error: Error: Can't import when we've started shutting down."
console.log: "RemoteSettingsWorker error: Error: Can't import when we've started shutting down."
JavaScript error: resource://gre/modules/JSONFile.jsm, line 186: Error: Data is not ready.
JavaScript error: resource://gre/modules/JSONFile.jsm, line 186: Error: Data is not ready.
WARNING: At least one completion condition is taking too long to complete. Conditions: [{"name":"Remote Settings profile-before-change","state":"Remaining: 6 callbacks (importJSONDump-main-hijack-blocklists-2, importJSONDump-main-search-telemetry-v2-3, importJSONDump-main-search-config-4, importJSONDump-blocklists-gfx-5, importJSONDump-main-url-classifier-skip-urls-7, importJSONDump-main-top-sites-9).","filename":"resource://services-settings/RemoteSettingsWorker.jsm","lineNumber":201,"stack":["resource://services-settings/RemoteSettingsWorker.jsm:null:201","resource://services-settings/RemoteSettingsClient.jsm:_importJSONDump:806","resource://services-settings/RemoteSettingsClient.jsm:get/this._importingPromise<:356","resource://services-settings/RemoteSettingsClient.jsm:get:371"]}] Barrier: profile-before-change
JavaScript error: resource://gre/modules/JSONFile.jsm, line 186: Error: Data is not ready.
console.log: "RemoteSettingsWorker error: Error: Can't import when we've started shutting down."
console.log: "RemoteSettingsWorker error: Error: Can't import when we've started shutting down."
console.log: "RemoteSettingsWorker error: Error: Can't import when we've started shutting down."
console.log: "RemoteSettingsWorker error: Error: Can't import when we've started shutting down."
console.log: "RemoteSettingsWorker error: Error: Can't import when we've started shutting down."
console.log: "RemoteSettingsWorker error: Error: Can't import when we've started shutting down."
console.log: "RemoteSettingsWorker error: Error: Can't import when we've started shutting down."
console.log: "RemoteSettingsWorker error: Error: Can't import when we've started shutting down."
console.log: "RemoteSettingsWorker error: Error: Can't import when we've started shutting down."
console.log: "RemoteSettingsWorker error: Error: Can't import when we've started shutting down."
console.log: "RemoteSettingsWorker error: Error: Can't import when we've started shutting down."
console.log: "RemoteSettingsWorker error: Error: Can't import when we've started shutting down."
console.log: "RemoteSettingsWorker error: Error: Can't import when we've started shutting down."
console.log: "RemoteSettingsWorker error: Error: Can't import when we've started shutting down."
console.log: "RemoteSettingsWorker error: Error: Can't import when we've started shutting down."
console.log: "RemoteSettingsWorker error: Error: Can't import when we've started shutting down."
console.log: "RemoteSettingsWorker error: Error: Can't import when we've started shutting down."
console.log: "RemoteSettingsWorker error: Error: Can't import when we've started shutting down."
]]></system-err>
  </testcase>
  <testcase name="runScenario[&quot;Validate Successful login - Correct Credentials&quot;, &quot;WebDriver University - Login Page&quot;](2)" classname="runners.MainRunner" time="0.219">
    <system-out><![CDATA[
@login @regression
Scenario: Validate Unsuccessful login - Incorrect Password            # features/Login.feature:14
]]></system-out>
    <system-err><![CDATA[1658045835458	geckodriver	INFO	Listening on 127.0.0.1:59833
]]></system-err>
  </testcase>
  <testcase name="runScenario[&quot;Validate Successful Submission - Specific Data&quot;, &quot;WebDriver University - Contact Us Page&quot;](3)" classname="runners.MainRunner" time="0.462">
    <system-err><![CDATA[1658045835676	mozrunner::runner	INFO	Running command: "C:\\Program Files\\Mozilla Firefox\\firefox.exe" "--marionette" "--remote-debugging-port" "52026" "--remote-allow-hosts" "localhost" "--remote-allow-origins" "http://localhost:52026/" "-no-remote" "-profile" "C:\\Users\\Jorge\\AppData\\Local\\Temp\\rust_mozprofileB6ZZGn"
]]></system-err>
  </testcase>
  <testcase name="runScenario[&quot;Validate Unsuccessful login - Incorrect Password&quot;, &quot;WebDriver University - Login Page&quot;](4)" classname="runners.MainRunner" time="14.686">
    <system-out><![CDATA[  Given I access the webdriver university login page                  # stepDefinitions.Login_Steps.i_access_the_webdriver_university_login_page()
  When I enter a username webdriver                                   # stepDefinitions.Login_Steps.i_enter_a_username(java.lang.String)
  And I enter a password incorrectpassword                            # stepDefinitions.Login_Steps.i_enter_a_password(java.lang.String)
  And I click on the login button                                     # stepDefinitions.Login_Steps.i_click_on_the_login_button()
  Then I should be presented with an unsuccessful login alert message # stepDefinitions.Login_Steps.i_should_be_presented_with_an_unsuccessful_login_alert_message()
]]></system-out>
    <system-err><![CDATA[1658045836440	Marionette	INFO	Marionette enabled
1658045836447	Marionette	INFO	Listening on port 55582
WebDriver BiDi listening on ws://localhost:52026
Read port: 55582
1658045838040	RemoteAgent	WARN	TLS certificate errors will be ignored for this session
console.warn: SearchSettings: "get: No settings file exists, new profile?" (new NotFoundError("Could not open the file at C:\\Users\\Jorge\\AppData\\Local\\Temp\\rust_mozprofileB6ZZGn\\search.json.mozlz4", (void 0)))
DevTools listening on ws://localhost:52026/devtools/browser/eacd33c4-dbb6-4527-bd19-ec1d006ba7f5
jul. 17, 2022 3:17:23 A. M. org.openqa.selenium.remote.ProtocolHandshake createSession
INFO: Detected upstream dialect: W3C
console.warn: LoginRecipes: "getRecipes: falling back to a synchronous message for:" "https://www.webdriveruniversity.com"
console.warn: LoginRecipes: "getRecipes: falling bJavaSack tocri pat  esyrnrcohr: resouronorce://gre/moduusle mess/LoginMsaagnagerParee fornt.jsm, :l"in e" 136: TypeEhrtrtps://wwor: gRecipeManagerw .iwse bnulldriv
eruniversity.com"
console.warn: LoginRecipes: "getRecipes: falling back to a synchronous message for:" "https://www.webdriveruniversity.com"
JavaScript error: resource://gre/modules/LoginManagerParent.jsm, line 136: TypeError: gRecipeManager is null
1658045847091	Marionette	INFO	Stopped listening on port 55582
!!! error running onStopped callback: TypeError: callback is not a function
[Parent 95032, IPC I/O Parent] WARNING: file /builds/worker/checkouts/gecko/ipc/chromium/src/base/process_util_win.cc:167
JavaScript error: resource://gre/modules/Sqlite.jsm, line 996: Error: Connection is not open.
JavaScript error: resource://gre/modules/JSONFile.jsm, line 186: Error: Data is not ready.
console.log: "RemoteSettingsWorker error: Error: Can't import when we've started shutting down."
console.log: "RemoteSettingsWorker error: Error: Can't import when we've started shutting down."
console.log: "RemoteSettingsWorker error: Error: Can't import when we've started shutting down."
console.log: "RemoteSettingsWorker error: Error: Can't import when we've started shutting down."
console.log: "RemoteSettingsWorker error: Error: Can't import when we've started shutting down."
]]></system-err>
  </testcase>
</testsuite>